Using pre-set license
Built from '2020.3/staging' branch; Version is '2020.3.18f1 (a7d1c678663c) revision 10998214'; Using compiler version '192528614'; Build Type 'Release'
OS: 'Windows 10 Home; OS build 19043.1288; Version 2009; 64bit' Language: 'en' Physical Memory: 16301 MB
BatchMode: 1, IsHumanControllingUs: 0, StartBugReporterOnCrash: 0, Is64bit: 1, IsPro: 0

COMMAND LINE ARGUMENTS:
C:\Program Files\Unity\Hub\Editor\2020.3.14f1\Editor\Unity.exe
-adb2
-batchMode
-noUpm
-name
AssetImportWorker0
-projectPath
D:/GIT/Get Out Alive Game/Get-Out-Alive-Game/Get Out Alive
-logFile
Logs/AssetImportWorker0.log
-srvPort
63169
Successfully changed project path to: D:/GIT/Get Out Alive Game/Get-Out-Alive-Game/Get Out Alive
D:/GIT/Get Out Alive Game/Get-Out-Alive-Game/Get Out Alive
Using Asset Import Pipeline V2.
Refreshing native plugins compatible for Editor in 26.43 ms, found 2 plugins.
Preloading 0 native plugins for Editor in 0.00 ms.
Initialize engine version: 2020.3.18f1 (a7d1c678663c)
[Subsystems] Discovering subsystems at path C:/Program Files/Unity/Hub/Editor/2020.3.14f1/Editor/Data/Resources/UnitySubsystems
[Subsystems] Discovering subsystems at path D:/GIT/Get Out Alive Game/Get-Out-Alive-Game/Get Out Alive/Assets
GfxDevice: creating device client; threaded=0
Direct3D:
    Version:  Direct3D 11.0 [level 11.1]
    Renderer: NVIDIA GeForce GTX 1660 (ID=0x2184)
    Vendor:   
    VRAM:     5991 MB
    Driver:   27.21.14.5671
Initialize mono
Mono path[0] = 'C:/Program Files/Unity/Hub/Editor/2020.3.14f1/Editor/Data/Managed'
Mono path[1] = 'C:/Program Files/Unity/Hub/Editor/2020.3.14f1/Editor/Data/MonoBleedingEdge/lib/mono/unityjit'
Mono config path = 'C:/Program Files/Unity/Hub/Editor/2020.3.14f1/Editor/Data/MonoBleedingEdge/etc'
Using monoOptions --debugger-agent=transport=dt_socket,embedding=1,server=y,suspend=n,address=127.0.0.1:56720
Begin MonoManager ReloadAssembly
Registering precompiled unity dll's ...
Register platform support module: C:/Program Files/Unity/Hub/Editor/2020.3.14f1/Editor/Data/PlaybackEngines/WindowsStandaloneSupport/UnityEditor.WindowsStandalone.Extensions.dll
Registered in 0.001968 seconds.
Native extension for WindowsStandalone target not found
Refreshing native plugins compatible for Editor in 22.95 ms, found 2 plugins.
Preloading 0 native plugins for Editor in 0.00 ms.
Mono: successfully reloaded assembly
- Completed reload, in  0.972 seconds
Domain Reload Profiling:
	ReloadAssembly (972ms)
		BeginReloadAssembly (48ms)
			ExecutionOrderSort (0ms)
			DisableScriptedObjects (0ms)
			BackupInstance (0ms)
			ReleaseScriptingObjects (0ms)
			CreateAndSetChildDomain (1ms)
		EndReloadAssembly (351ms)
			LoadAssemblies (46ms)
			RebuildTransferFunctionScriptingTraits (0ms)
			SetupTypeCache (124ms)
			ReleaseScriptCaches (0ms)
			RebuildScriptCaches (31ms)
			SetupLoadedEditorAssemblies (135ms)
				LogAssemblyErrors (0ms)
				InitializePlatformSupportModulesInManaged (3ms)
				SetLoadedEditorAssemblies (0ms)
				RefreshPlugins (23ms)
				BeforeProcessingInitializeOnLoad (15ms)
				ProcessInitializeOnLoadAttributes (69ms)
				ProcessInitializeOnLoadMethodAttributes (24ms)
				AfterProcessingInitializeOnLoad (0ms)
				EditorAssembliesLoaded (0ms)
			ExecutionOrderSort2 (0ms)
			AwakeInstancesAfterBackupRestoration (0ms)
Platform modules already initialized, skipping
Registering precompiled user dll's ...
Registered in 0.001675 seconds.
Begin MonoManager ReloadAssembly
Native extension for WindowsStandalone target not found
Refreshing native plugins compatible for Editor in 0.26 ms, found 2 plugins.
Preloading 0 native plugins for Editor in 0.00 ms.
Mono: successfully reloaded assembly
- Completed reload, in  0.844 seconds
Domain Reload Profiling:
	ReloadAssembly (844ms)
		BeginReloadAssembly (125ms)
			ExecutionOrderSort (0ms)
			DisableScriptedObjects (4ms)
			BackupInstance (0ms)
			ReleaseScriptingObjects (0ms)
			CreateAndSetChildDomain (15ms)
		EndReloadAssembly (667ms)
			LoadAssemblies (69ms)
			RebuildTransferFunctionScriptingTraits (0ms)
			SetupTypeCache (218ms)
			ReleaseScriptCaches (0ms)
			RebuildScriptCaches (40ms)
			SetupLoadedEditorAssemblies (264ms)
				LogAssemblyErrors (0ms)
				InitializePlatformSupportModulesInManaged (5ms)
				SetLoadedEditorAssemblies (0ms)
				RefreshPlugins (0ms)
				BeforeProcessingInitializeOnLoad (67ms)
				ProcessInitializeOnLoadAttributes (182ms)
				ProcessInitializeOnLoadMethodAttributes (4ms)
				AfterProcessingInitializeOnLoad (6ms)
				EditorAssembliesLoaded (0ms)
			ExecutionOrderSort2 (0ms)
			AwakeInstancesAfterBackupRestoration (6ms)
Platform modules already initialized, skipping
========================================================================
Worker process is ready to serve import requests
Launched and connected shader compiler UnityShaderCompiler.exe after 0.06 seconds
Refreshing native plugins compatible for Editor in 0.25 ms, found 2 plugins.
Preloading 0 native plugins for Editor in 0.00 ms.
Unloading 1396 Unused Serialized files (Serialized files now loaded: 0)
System memory in use before: 64.8 MB.
System memory in use after: 64.9 MB.

Unloading 16 unused Assets to reduce memory usage. Loaded Objects now: 1831.
Total: 2.474900 ms (FindLiveObjects: 0.119700 ms CreateObjectMapping: 0.038800 ms MarkObjects: 2.262700 ms  DeleteObjects: 0.052800 ms)

AssetImportParameters requested are different than current active one (requested -> active):
  custom:framework-win-MediaFoundation: 216162199b28c13a410421893ffa2e32 -> 
  custom:video-decoder-ogg-theora: a1e56fd34408186e4bbccfd4996cb3dc -> 
  custom:container-muxer-webm: aa71ff27fc2769a1b78a27578f13a17b -> 
  custom:container-demuxer-webm: 4f35f7cbe854078d1ac9338744f61a02 -> 
  custom:container-demuxer-ogg: 62fdf1f143b41e24485cea50d1cbac27 -> 
  custom:video-encoder-webm-vp8: eb34c28f22e8b96e1ab97ce403110664 -> 
  custom:video-decoder-webm-vp8: 9c59270c3fd7afecdb556c50c9e8de78 -> 
  custom:audio-decoder-ogg-vorbis: bf7c407c2cedff20999df2af8eb42d56 -> 
  custom:audio-encoder-webm-vorbis: bf7c407c2cedff20999df2af8eb42d56 -> 
========================================================================
Received Import Request.
  path: Assets/Scenes/SampleScene.unity
  artifactKey: Guid(9fc0d4010bbf28b4594072e72b8655ab) Importer(815301076,1909f56bfc062723c751e8b465ee728b)
Start importing Assets/Scenes/SampleScene.unity using Guid(9fc0d4010bbf28b4594072e72b8655ab) Importer(815301076,1909f56bfc062723c751e8b465ee728b)  -> (artifact id: '85059f4f9e1a832ed95adaa0d25c5c4c') in 0.013455 seconds 
  Import took 0.015153 seconds .

========================================================================
Received Import Request.
  Time since last request: 15.779991 seconds.
  path: Assets/Scenes/My Game.unity
  artifactKey: Guid(9fc0d4010bbf28b4594072e72b8655ab) Importer(815301076,1909f56bfc062723c751e8b465ee728b)
Start importing Assets/Scenes/My Game.unity using Guid(9fc0d4010bbf28b4594072e72b8655ab) Importer(815301076,1909f56bfc062723c751e8b465ee728b)  -> (artifact id: '1af9826c42709b4c285f03a4648a57b4') in 0.006281 seconds 
  Import took 0.008098 seconds .

========================================================================
Received Import Request.
  Time since last request: 0.001345 seconds.
  path: Assets/Scenes/My Game.unity
  artifactKey: Guid(9fc0d4010bbf28b4594072e72b8655ab) Importer(815301076,1909f56bfc062723c751e8b465ee728b)
Start importing Assets/Scenes/My Game.unity using Guid(9fc0d4010bbf28b4594072e72b8655ab) Importer(815301076,1909f56bfc062723c751e8b465ee728b)  -> (artifact id: '1af9826c42709b4c285f03a4648a57b4') in 0.001299 seconds 
  Import took 0.003177 seconds .

========================================================================
Received Import Request.
  Time since last request: 464.126099 seconds.
  path: Assets/Materials
  artifactKey: Guid(5a8191de607d99e408568195a78aa74a) Importer(815301076,1909f56bfc062723c751e8b465ee728b)
Start importing Assets/Materials using Guid(5a8191de607d99e408568195a78aa74a) Importer(815301076,1909f56bfc062723c751e8b465ee728b)  -> (artifact id: '23415afa8de5adc70d27d9c30740d19a') in 0.007098 seconds 
  Import took 0.009378 seconds .

========================================================================
Received Import Request.
  Time since last request: 60.060777 seconds.
  path: Assets/Materials/New Material.mat
  artifactKey: Guid(ff572cbb86dde9346b084aa166355f3e) Importer(815301076,1909f56bfc062723c751e8b465ee728b)
Start importing Assets/Materials/New Material.mat using Guid(ff572cbb86dde9346b084aa166355f3e) Importer(815301076,1909f56bfc062723c751e8b465ee728b)  -> (artifact id: '0e2ffe48a96efec1f5bcac43c038abcd') in 0.127022 seconds 
  Import took 0.129214 seconds .

========================================================================
Received Import Request.
  Time since last request: 11.120842 seconds.
  path: Assets/Materials/bLUE.mat
  artifactKey: Guid(ff572cbb86dde9346b084aa166355f3e) Importer(815301076,1909f56bfc062723c751e8b465ee728b)
Start importing Assets/Materials/bLUE.mat using Guid(ff572cbb86dde9346b084aa166355f3e) Importer(815301076,1909f56bfc062723c751e8b465ee728b)  -> (artifact id: '9ce1d285040ba3ab90de17d39a069947') in 0.015273 seconds 
  Import took 0.017311 seconds .

========================================================================
Received Import Request.
  Time since last request: 5.414960 seconds.
  path: Assets/Materials/Blue.mat
  artifactKey: Guid(ff572cbb86dde9346b084aa166355f3e) Importer(815301076,1909f56bfc062723c751e8b465ee728b)
Start importing Assets/Materials/Blue.mat using Guid(ff572cbb86dde9346b084aa166355f3e) Importer(815301076,1909f56bfc062723c751e8b465ee728b)  -> (artifact id: '354f5720ae8d3fdeb0e8f8971fdf48ec') in 0.016023 seconds 
  Import took 0.018441 seconds .

========================================================================
Received Import Request.
  Time since last request: 1992.676097 seconds.
  path: Assets/Materials/Red.mat
  artifactKey: Guid(9b18e42590f23094b990b1b15f1e754e) Importer(815301076,1909f56bfc062723c751e8b465ee728b)
Start importing Assets/Materials/Red.mat using Guid(9b18e42590f23094b990b1b15f1e754e) Importer(815301076,1909f56bfc062723c751e8b465ee728b)  -> (artifact id: '8167878dfce2eae062ea2fc516abe450') in 0.014886 seconds 
  Import took 0.017938 seconds .

========================================================================
Received Import Request.
  Time since last request: 36.964996 seconds.
  path: Assets/Materials/Red_Light.mat
  artifactKey: Guid(56b2b818fe16f08469666933e67a4ef6) Importer(815301076,1909f56bfc062723c751e8b465ee728b)
Start importing Assets/Materials/Red_Light.mat using Guid(56b2b818fe16f08469666933e67a4ef6) Importer(815301076,1909f56bfc062723c751e8b465ee728b)  -> (artifact id: 'd187e2fbbe98b9c5702fbd16f5e4330d') in 0.015651 seconds 
  Import took 0.017665 seconds .

========================================================================
Received Import Request.
  Time since last request: 49.116673 seconds.
  path: Assets/Materials/Brown.mat
  artifactKey: Guid(56b2b818fe16f08469666933e67a4ef6) Importer(815301076,1909f56bfc062723c751e8b465ee728b)
Start importing Assets/Materials/Brown.mat using Guid(56b2b818fe16f08469666933e67a4ef6) Importer(815301076,1909f56bfc062723c751e8b465ee728b)  -> (artifact id: '2b06a19f7c089632db170ad05cf8b477') in 0.013714 seconds 
  Import took 0.015651 seconds .

========================================================================
Received Import Request.
  Time since last request: 34.628951 seconds.
  path: Assets/Materials/Gray.mat
  artifactKey: Guid(3ba7219643959d1439b275abacfbf62f) Importer(815301076,1909f56bfc062723c751e8b465ee728b)
Start importing Assets/Materials/Gray.mat using Guid(3ba7219643959d1439b275abacfbf62f) Importer(815301076,1909f56bfc062723c751e8b465ee728b)  -> (artifact id: 'fb80e0beedaa4e8168b0928e9a78ec9e') in 0.014718 seconds 
  Import took 0.017046 seconds .

========================================================================
Received Import Request.
  Time since last request: 155.664139 seconds.
  path: Assets/Materials/Blue.mat
  artifactKey: Guid(ff572cbb86dde9346b084aa166355f3e) Importer(815301076,1909f56bfc062723c751e8b465ee728b)
Start importing Assets/Materials/Blue.mat using Guid(ff572cbb86dde9346b084aa166355f3e) Importer(815301076,1909f56bfc062723c751e8b465ee728b)  -> (artifact id: '87a64565c99bc44bdd0417c0d192ca37') in 0.011524 seconds 
  Import took 0.014133 seconds .

========================================================================
Received Import Request.
  Time since last request: 0.000190 seconds.
  path: Assets/Materials/Red.mat
  artifactKey: Guid(9b18e42590f23094b990b1b15f1e754e) Importer(815301076,1909f56bfc062723c751e8b465ee728b)
Start importing Assets/Materials/Red.mat using Guid(9b18e42590f23094b990b1b15f1e754e) Importer(815301076,1909f56bfc062723c751e8b465ee728b)  -> (artifact id: '55cd0bd923c5379633b8df0e6a0b4f9e') in 0.009197 seconds 
  Import took 0.011041 seconds .

========================================================================
Received Import Request.
  Time since last request: 0.000233 seconds.
  path: Assets/Materials/Brown.mat
  artifactKey: Guid(56b2b818fe16f08469666933e67a4ef6) Importer(815301076,1909f56bfc062723c751e8b465ee728b)
Start importing Assets/Materials/Brown.mat using Guid(56b2b818fe16f08469666933e67a4ef6) Importer(815301076,1909f56bfc062723c751e8b465ee728b)  -> (artifact id: '78b1025d8f7b0a239074084e8c17580f') in 0.011553 seconds 
  Import took 0.013466 seconds .

========================================================================
Received Import Request.
  Time since last request: 0.000239 seconds.
  path: Assets/Materials/Gray.mat
  artifactKey: Guid(3ba7219643959d1439b275abacfbf62f) Importer(815301076,1909f56bfc062723c751e8b465ee728b)
Start importing Assets/Materials/Gray.mat using Guid(3ba7219643959d1439b275abacfbf62f) Importer(815301076,1909f56bfc062723c751e8b465ee728b)  -> (artifact id: '350e9897f69c0988e7bd41a9f2ede484') in 0.010942 seconds 
  Import took 0.013028 seconds .

========================================================================
Received Import Request.
  Time since last request: 308.075982 seconds.
  path: Assets/Scenes
  artifactKey: Guid(efd7190461ef5ab4c874bcab40f3eda7) Importer(815301076,1909f56bfc062723c751e8b465ee728b)
Start importing Assets/Scenes using Guid(efd7190461ef5ab4c874bcab40f3eda7) Importer(815301076,1909f56bfc062723c751e8b465ee728b)  -> (artifact id: '9e82f2d44b6f49c253d40b6b0a3f8756') in 0.005206 seconds 
  Import took 0.007644 seconds .

========================================================================
Received Import Request.
  Time since last request: 0.067796 seconds.
  path: Assets/Scenes/My Game.unity
  artifactKey: Guid(9fc0d4010bbf28b4594072e72b8655ab) Importer(815301076,1909f56bfc062723c751e8b465ee728b)
Start importing Assets/Scenes/My Game.unity using Guid(9fc0d4010bbf28b4594072e72b8655ab) Importer(815301076,1909f56bfc062723c751e8b465ee728b)  -> (artifact id: 'a5bdbe3d0b32142d2d4db0e888af17b6') in 0.001408 seconds 
  Import took 0.003150 seconds .

AssetImportWorkerClient::OnTransportError - code=2 error=End of file
